<?xml version="1.0" encoding="UTF-8"?>
<testng-results skipped="11" failed="0" total="11" passed="0">
  <reporter-output>
  </reporter-output>
  <suite name="Suite" duration-ms="54088" started-at="2017-04-20T17:42:51Z" finished-at="2017-04-20T17:43:46Z">
    <groups>
    </groups>
    <test name="POC Test Execution 1" duration-ms="54088" started-at="2017-04-20T17:42:51Z" finished-at="2017-04-20T17:43:46Z">
      <class name="com.factory.tests.Test_Cases">
        <test-method status="PASS" signature="start_report()[pri:0, instance:com.factory.tests.Test_Cases@282ba1e]" name="start_report" is-config="true" duration-ms="281" started-at="2017-04-20T23:12:51Z" finished-at="2017-04-20T23:12:51Z">
          <reporter-output>
          </reporter-output>
        </test-method> <!-- start_report -->
        <test-method status="FAIL" signature="initialize(java.lang.String, int, java.lang.String, java.lang.String, java.lang.String, java.lang.String)[pri:0, instance:com.factory.tests.Test_Cases@282ba1e]" name="initialize" is-config="true" duration-ms="0" started-at="2017-04-20T23:12:51Z" finished-at="2017-04-20T23:12:51Z">
          <params>
            <param index="0">
              <value>
                <![CDATA[firefox]]>
              </value>
            </param>
            <param index="1">
              <value>
                <![CDATA[40]]>
              </value>
            </param>
            <param index="2">
              <value>
                <![CDATA[stage]]>
              </value>
            </param>
            <param index="3">
              <value>
                <![CDATA[https://intuitb2b--CICDDev1.cs53.my.salesforce.com]]>
              </value>
            </param>
            <param index="4">
              <value>
                <![CDATA[perala_ravi@persistent.com.b2b.cicddev1]]>
              </value>
            </param>
            <param index="5">
              <value>
                <![CDATA[nokia1100zNRU7l4aGfYg14gn1kX7SgcS]]>
              </value>
            </param>
          </params>
          <exception class="org.openqa.selenium.WebDriverException">
            <message>
              <![CDATA[Failed to connect to binary FirefoxBinary(C:\Program Files (x86)\Mozilla Firefox\firefox.exe) on port 7056; process output follows: 
"signedState":0,"seen":true}
1492710177000	DeferredSave.extensions.json	DEBUG	Save changes
1492710177000	addons.xpi	DEBUG	Updating database with changes to installed add-ons
1492710177000	addons.xpi-utils	DEBUG	Updating add-on states
1492710177003	addons.xpi-utils	DEBUG	Writing add-ons list
1492710177027	addons.xpi	DEBUG	Registering manifest for C:\Program Files (x86)\Mozilla Firefox\browser\features\e10srollout@mozilla.org.xpi
1492710177028	addons.xpi	DEBUG	Calling bootstrap method startup on e10srollout@mozilla.org version 1.0
1492710177028	addons.xpi	DEBUG	Registering manifest for C:\Program Files (x86)\Mozilla Firefox\browser\features\firefox@getpocket.com.xpi
1492710177029	addons.xpi	DEBUG	Calling bootstrap method startup on firefox@getpocket.com version 1.0.2
1492710177031	addons.xpi	DEBUG	Registering manifest for C:\Program Files (x86)\Mozilla Firefox\browser\features\loop@mozilla.org.xpi
1492710177033	addons.xpi	DEBUG	Calling bootstrap method startup on loop@mozilla.org version 1.3.2
1492710177062	addons.xpi	DEBUG	Registering manifest for C:\Program Files (x86)\Mozilla Firefox\browser\features\websensehelper@mozilla.org.xpi
1492710177063	addons.xpi	DEBUG	Calling bootstrap method startup on websensehelper@mozilla.org version 1.0
1492710177067	addons.manager	DEBUG	Registering shutdown blocker for XPIProvider
1492710177067	addons.manager	DEBUG	Provider finished startup: XPIProvider
1492710177067	addons.manager	DEBUG	Starting provider: LightweightThemeManager
1492710177067	addons.manager	DEBUG	Registering shutdown blocker for LightweightThemeManager
1492710177068	addons.manager	DEBUG	Provider finished startup: LightweightThemeManager
1492710177068	addons.manager	DEBUG	Starting provider: GMPProvider
1492710177082	addons.manager	DEBUG	Registering shutdown blocker for GMPProvider
1492710177082	addons.manager	DEBUG	Provider finished startup: GMPProvider
1492710177083	addons.manager	DEBUG	Starting provider: PluginProvider
1492710177083	addons.manager	DEBUG	Registering shutdown blocker for PluginProvider
1492710177083	addons.manager	DEBUG	Provider finished startup: PluginProvider
1492710177084	addons.manager	DEBUG	Completed startup sequence
1492710178576	addons.manager	DEBUG	Starting provider: <unnamed-provider>
1492710178576	addons.manager	DEBUG	Registering shutdown blocker for <unnamed-provider>
1492710178576	addons.manager	DEBUG	Provider finished startup: <unnamed-provider>
Crash Annotation GraphicsCriticalError: |[0][GFX1-]: [D3D11] create swap chain failed: 0x887a0022, 0 (t=4.82649) [GFX1-]: [D3D11] create swap chain failed: 0x887a0022, 0
1492710178848	DeferredSave.extensions.json	DEBUG	Write succeeded
1492710178848	addons.xpi-utils	DEBUG	XPI Database saved, setting schema version preference to 17
1492710178849	DeferredSave.extensions.json	DEBUG	Starting timer
1492710178871	DeferredSave.extensions.json	DEBUG	Starting write
1492710178878	addons.repository	DEBUG	No addons.json found.
1492710178879	DeferredSave.addons.json	DEBUG	Save changes
1492710178883	DeferredSave.addons.json	DEBUG	Starting timer
1492710178945	addons.manager	DEBUG	Starting provider: PreviousExperimentProvider
1492710178946	addons.manager	DEBUG	Registering shutdown blocker for PreviousExperimentProvider
1492710178946	addons.manager	DEBUG	Provider finished startup: PreviousExperimentProvider
1492710178951	DeferredSave.addons.json	DEBUG	Starting write
1492710178967	DeferredSave.extensions.json	DEBUG	Write succeeded
1492710179011	DeferredSave.addons.json	DEBUG	Write succeeded
Crash Annotation GraphicsCriticalError: |[0][GFX1-]: [D3D11] create swap chain failed: 0x887a0022, 0 (t=4.82649) |[1][GFX1-]: [D3D11] create swap chain failed: 0x887a0022, 0 (t=6.612) [GFX1-]: [D3D11] create swap chain failed: 0x887a0022, 0
JavaScript error: chrome://fxdriver/content/server.js, line 61: uncaught exception: [object Object]
JavaScript error: chrome://fxdriver/content/server.js, line 61: NS_ERROR_XPC_CI_RETURNED_FAILURE: Component returned failure code: 0x80570015 (NS_ERROR_XPC_CI_RETURNED_FAILURE) [nsIJSCID.createInstance]

Build info: version: '2.53.1', revision: 'a36b8b1', time: '2016-06-30 17:37:03'
System info: host: 'HSL05350', ip: '10.233.13.222', os.name: 'Windows 8.1', os.arch: 'amd64', os.version: '6.3', java.version: '1.8.0_45'
Driver info: driver.version: FirefoxDriver]]>
            </message>
            <full-stacktrace>
              <![CDATA[org.openqa.selenium.WebDriverException: Failed to connect to binary FirefoxBinary(C:\Program Files (x86)\Mozilla Firefox\firefox.exe) on port 7056; process output follows: 
"signedState":0,"seen":true}
1492710177000	DeferredSave.extensions.json	DEBUG	Save changes
1492710177000	addons.xpi	DEBUG	Updating database with changes to installed add-ons
1492710177000	addons.xpi-utils	DEBUG	Updating add-on states
1492710177003	addons.xpi-utils	DEBUG	Writing add-ons list
1492710177027	addons.xpi	DEBUG	Registering manifest for C:\Program Files (x86)\Mozilla Firefox\browser\features\e10srollout@mozilla.org.xpi
1492710177028	addons.xpi	DEBUG	Calling bootstrap method startup on e10srollout@mozilla.org version 1.0
1492710177028	addons.xpi	DEBUG	Registering manifest for C:\Program Files (x86)\Mozilla Firefox\browser\features\firefox@getpocket.com.xpi
1492710177029	addons.xpi	DEBUG	Calling bootstrap method startup on firefox@getpocket.com version 1.0.2
1492710177031	addons.xpi	DEBUG	Registering manifest for C:\Program Files (x86)\Mozilla Firefox\browser\features\loop@mozilla.org.xpi
1492710177033	addons.xpi	DEBUG	Calling bootstrap method startup on loop@mozilla.org version 1.3.2
1492710177062	addons.xpi	DEBUG	Registering manifest for C:\Program Files (x86)\Mozilla Firefox\browser\features\websensehelper@mozilla.org.xpi
1492710177063	addons.xpi	DEBUG	Calling bootstrap method startup on websensehelper@mozilla.org version 1.0
1492710177067	addons.manager	DEBUG	Registering shutdown blocker for XPIProvider
1492710177067	addons.manager	DEBUG	Provider finished startup: XPIProvider
1492710177067	addons.manager	DEBUG	Starting provider: LightweightThemeManager
1492710177067	addons.manager	DEBUG	Registering shutdown blocker for LightweightThemeManager
1492710177068	addons.manager	DEBUG	Provider finished startup: LightweightThemeManager
1492710177068	addons.manager	DEBUG	Starting provider: GMPProvider
1492710177082	addons.manager	DEBUG	Registering shutdown blocker for GMPProvider
1492710177082	addons.manager	DEBUG	Provider finished startup: GMPProvider
1492710177083	addons.manager	DEBUG	Starting provider: PluginProvider
1492710177083	addons.manager	DEBUG	Registering shutdown blocker for PluginProvider
1492710177083	addons.manager	DEBUG	Provider finished startup: PluginProvider
1492710177084	addons.manager	DEBUG	Completed startup sequence
1492710178576	addons.manager	DEBUG	Starting provider: <unnamed-provider>
1492710178576	addons.manager	DEBUG	Registering shutdown blocker for <unnamed-provider>
1492710178576	addons.manager	DEBUG	Provider finished startup: <unnamed-provider>
Crash Annotation GraphicsCriticalError: |[0][GFX1-]: [D3D11] create swap chain failed: 0x887a0022, 0 (t=4.82649) [GFX1-]: [D3D11] create swap chain failed: 0x887a0022, 0
1492710178848	DeferredSave.extensions.json	DEBUG	Write succeeded
1492710178848	addons.xpi-utils	DEBUG	XPI Database saved, setting schema version preference to 17
1492710178849	DeferredSave.extensions.json	DEBUG	Starting timer
1492710178871	DeferredSave.extensions.json	DEBUG	Starting write
1492710178878	addons.repository	DEBUG	No addons.json found.
1492710178879	DeferredSave.addons.json	DEBUG	Save changes
1492710178883	DeferredSave.addons.json	DEBUG	Starting timer
1492710178945	addons.manager	DEBUG	Starting provider: PreviousExperimentProvider
1492710178946	addons.manager	DEBUG	Registering shutdown blocker for PreviousExperimentProvider
1492710178946	addons.manager	DEBUG	Provider finished startup: PreviousExperimentProvider
1492710178951	DeferredSave.addons.json	DEBUG	Starting write
1492710178967	DeferredSave.extensions.json	DEBUG	Write succeeded
1492710179011	DeferredSave.addons.json	DEBUG	Write succeeded
Crash Annotation GraphicsCriticalError: |[0][GFX1-]: [D3D11] create swap chain failed: 0x887a0022, 0 (t=4.82649) |[1][GFX1-]: [D3D11] create swap chain failed: 0x887a0022, 0 (t=6.612) [GFX1-]: [D3D11] create swap chain failed: 0x887a0022, 0
JavaScript error: chrome://fxdriver/content/server.js, line 61: uncaught exception: [object Object]
JavaScript error: chrome://fxdriver/content/server.js, line 61: NS_ERROR_XPC_CI_RETURNED_FAILURE: Component returned failure code: 0x80570015 (NS_ERROR_XPC_CI_RETURNED_FAILURE) [nsIJSCID.createInstance]

Build info: version: '2.53.1', revision: 'a36b8b1', time: '2016-06-30 17:37:03'
System info: host: 'HSL05350', ip: '10.233.13.222', os.name: 'Windows 8.1', os.arch: 'amd64', os.version: '6.3', java.version: '1.8.0_45'
Driver info: driver.version: FirefoxDriver
	at org.openqa.selenium.firefox.internal.NewProfileExtensionConnection.start(NewProfileExtensionConnection.java:124)
	at org.openqa.selenium.firefox.FirefoxDriver.startClient(FirefoxDriver.java:271)
	at org.openqa.selenium.remote.RemoteWebDriver.<init>(RemoteWebDriver.java:119)
	at org.openqa.selenium.firefox.FirefoxDriver.<init>(FirefoxDriver.java:218)
	at org.openqa.selenium.firefox.FirefoxDriver.<init>(FirefoxDriver.java:211)
	at org.openqa.selenium.firefox.FirefoxDriver.<init>(FirefoxDriver.java:129)
	at com.selenium.utils.FirefoxUtils.getDriver(Unknown Source)
	at com.selenium.utils.BrowserUtils.setBrowser(Unknown Source)
	at com.selenium.utils.Configurations.initialize(Unknown Source)
	at sun.reflect.NativeMethodAccessorImpl.invoke0(Native Method)
	at sun.reflect.NativeMethodAccessorImpl.invoke(NativeMethodAccessorImpl.java:62)
	at sun.reflect.DelegatingMethodAccessorImpl.invoke(DelegatingMethodAccessorImpl.java:43)
	at java.lang.reflect.Method.invoke(Method.java:497)
	at org.testng.internal.MethodInvocationHelper.invokeMethod(MethodInvocationHelper.java:85)
	at org.testng.internal.Invoker.invokeConfigurationMethod(Invoker.java:510)
	at org.testng.internal.Invoker.invokeConfigurations(Invoker.java:211)
	at org.testng.internal.Invoker.invokeConfigurations(Invoker.java:138)
	at org.testng.TestRunner.beforeRun(TestRunner.java:648)
	at org.testng.TestRunner.run(TestRunner.java:616)
	at org.testng.SuiteRunner.runTest(SuiteRunner.java:359)
	at org.testng.SuiteRunner.access$000(SuiteRunner.java:39)
	at org.testng.SuiteRunner$SuiteWorker.run(SuiteRunner.java:393)
	at org.testng.internal.thread.ThreadUtil$2.call(ThreadUtil.java:64)
	at java.util.concurrent.FutureTask.run(FutureTask.java:266)
	at java.util.concurrent.ThreadPoolExecutor.runWorker(ThreadPoolExecutor.java:1142)
	at java.util.concurrent.ThreadPoolExecutor$Worker.run(ThreadPoolExecutor.java:617)
	at java.lang.Thread.run(Thread.java:745)
Caused by: org.openqa.selenium.firefox.NotConnectedException: Unable to connect to host 127.0.0.1 on port 7056 after 45000 ms. Firefox console output:
"signedState":0,"seen":true}
1492710177000	DeferredSave.extensions.json	DEBUG	Save changes
1492710177000	addons.xpi	DEBUG	Updating database with changes to installed add-ons
1492710177000	addons.xpi-utils	DEBUG	Updating add-on states
1492710177003	addons.xpi-utils	DEBUG	Writing add-ons list
1492710177027	addons.xpi	DEBUG	Registering manifest for C:\Program Files (x86)\Mozilla Firefox\browser\features\e10srollout@mozilla.org.xpi
1492710177028	addons.xpi	DEBUG	Calling bootstrap method startup on e10srollout@mozilla.org version 1.0
1492710177028	addons.xpi	DEBUG	Registering manifest for C:\Program Files (x86)\Mozilla Firefox\browser\features\firefox@getpocket.com.xpi
1492710177029	addons.xpi	DEBUG	Calling bootstrap method startup on firefox@getpocket.com version 1.0.2
1492710177031	addons.xpi	DEBUG	Registering manifest for C:\Program Files (x86)\Mozilla Firefox\browser\features\loop@mozilla.org.xpi
1492710177033	addons.xpi	DEBUG	Calling bootstrap method startup on loop@mozilla.org version 1.3.2
1492710177062	addons.xpi	DEBUG	Registering manifest for C:\Program Files (x86)\Mozilla Firefox\browser\features\websensehelper@mozilla.org.xpi
1492710177063	addons.xpi	DEBUG	Calling bootstrap method startup on websensehelper@mozilla.org version 1.0
1492710177067	addons.manager	DEBUG	Registering shutdown blocker for XPIProvider
1492710177067	addons.manager	DEBUG	Provider finished startup: XPIProvider
1492710177067	addons.manager	DEBUG	Starting provider: LightweightThemeManager
1492710177067	addons.manager	DEBUG	Registering shutdown blocker for LightweightThemeManager
1492710177068	addons.manager	DEBUG	Provider finished startup: LightweightThemeManager
1492710177068	addons.manager	DEBUG	Starting provider: GMPProvider
1492710177082	addons.manager	DEBUG	Registering shutdown blocker for GMPProvider
1492710177082	addons.manager	DEBUG	Provider finished startup: GMPProvider
1492710177083	addons.manager	DEBUG	Starting provider: PluginProvider
1492710177083	addons.manager	DEBUG	Registering shutdown blocker for PluginProvider
1492710177083	addons.manager	DEBUG	Provider finished startup: PluginProvider
1492710177084	addons.manager	DEBUG	Completed startup sequence
1492710178576	addons.manager	DEBUG	Starting provider: <unnamed-provider>
1492710178576	addons.manager	DEBUG	Registering shutdown blocker for <unnamed-provider>
1492710178576	addons.manager	DEBUG	Provider finished startup: <unnamed-provider>
Crash Annotation GraphicsCriticalError: |[0][GFX1-]: [D3D11] create swap chain failed: 0x887a0022, 0 (t=4.82649) [GFX1-]: [D3D11] create swap chain failed: 0x887a0022, 0
1492710178848	DeferredSave.extensions.json	DEBUG	Write succeeded
1492710178848	addons.xpi-utils	DEBUG	XPI Database saved, setting schema version preference to 17
1492710178849	DeferredSave.extensions.json	DEBUG	Starting timer
1492710178871	DeferredSave.extensions.json	DEBUG	Starting write
1492710178878	addons.repository	DEBUG	No addons.json found.
1492710178879	DeferredSave.addons.json	DEBUG	Save changes
1492710178883	DeferredSave.addons.json	DEBUG	Starting timer
1492710178945	addons.manager	DEBUG	Starting provider: PreviousExperimentProvider
1492710178946	addons.manager	DEBUG	Registering shutdown blocker for PreviousExperimentProvider
1492710178946	addons.manager	DEBUG	Provider finished startup: PreviousExperimentProvider
1492710178951	DeferredSave.addons.json	DEBUG	Starting write
1492710178967	DeferredSave.extensions.json	DEBUG	Write succeeded
1492710179011	DeferredSave.addons.json	DEBUG	Write succeeded
Crash Annotation GraphicsCriticalError: |[0][GFX1-]: [D3D11] create swap chain failed: 0x887a0022, 0 (t=4.82649) |[1][GFX1-]: [D3D11] create swap chain failed: 0x887a0022, 0 (t=6.612) [GFX1-]: [D3D11] create swap chain failed: 0x887a0022, 0
JavaScript error: chrome://fxdriver/content/server.js, line 61: uncaught exception: [object Object]
JavaScript error: chrome://fxdriver/content/server.js, line 61: NS_ERROR_XPC_CI_RETURNED_FAILURE: Component returned failure code: 0x80570015 (NS_ERROR_XPC_CI_RETURNED_FAILURE) [nsIJSCID.createInstance]

	at org.openqa.selenium.firefox.internal.NewProfileExtensionConnection.start(NewProfileExtensionConnection.java:112)
	... 26 more
]]>
            </full-stacktrace>
          </exception> <!-- org.openqa.selenium.WebDriverException -->
          <reporter-output>
          </reporter-output>
        </test-method> <!-- initialize -->
        <test-method status="SKIP" signature="Execute_Configuration(java.lang.String, java.lang.String)[pri:0, instance:com.factory.tests.Test_Cases@282ba1e]" name="Execute_Configuration" duration-ms="0" started-at="2017-04-20T23:13:43Z" data-provider="data" finished-at="2017-04-20T23:13:43Z">
          <params>
            <param index="0">
              <value>
                <![CDATA[Login]]>
              </value>
            </param>
            <param index="1">
              <value>
                <![CDATA[Yes]]>
              </value>
            </param>
          </params>
          <reporter-output>
          </reporter-output>
        </test-method> <!-- Execute_Configuration -->
        <test-method status="SKIP" signature="log_fail(org.testng.ITestResult)[pri:0, instance:com.factory.tests.Test_Cases@282ba1e]" name="log_fail" is-config="true" duration-ms="0" started-at="2017-04-20T23:13:43Z" finished-at="2017-04-20T23:13:43Z">
          <reporter-output>
          </reporter-output>
        </test-method> <!-- log_fail -->
        <test-method status="SKIP" signature="Execute_Configuration(java.lang.String, java.lang.String)[pri:0, instance:com.factory.tests.Test_Cases@282ba1e]" name="Execute_Configuration" duration-ms="2" started-at="2017-04-20T23:13:43Z" data-provider="data" finished-at="2017-04-20T23:13:43Z">
          <params>
            <param index="0">
              <value>
                <![CDATA[Skuid]]>
              </value>
            </param>
            <param index="1">
              <value>
                <![CDATA[No]]>
              </value>
            </param>
          </params>
          <reporter-output>
          </reporter-output>
        </test-method> <!-- Execute_Configuration -->
        <test-method status="SKIP" signature="Execute_Configuration(java.lang.String, java.lang.String)[pri:0, instance:com.factory.tests.Test_Cases@282ba1e]" name="Execute_Configuration" duration-ms="0" started-at="2017-04-20T23:13:43Z" data-provider="data" finished-at="2017-04-20T23:13:43Z">
          <params>
            <param index="0">
              <value>
                <![CDATA[Author_Apex]]>
              </value>
            </param>
            <param index="1">
              <value>
                <![CDATA[No]]>
              </value>
            </param>
          </params>
          <reporter-output>
          </reporter-output>
        </test-method> <!-- Execute_Configuration -->
        <test-method status="SKIP" signature="Execute_Configuration(java.lang.String, java.lang.String)[pri:0, instance:com.factory.tests.Test_Cases@282ba1e]" name="Execute_Configuration" duration-ms="0" started-at="2017-04-20T23:13:43Z" data-provider="data" finished-at="2017-04-20T23:13:43Z">
          <params>
            <param index="0">
              <value>
                <![CDATA[Support_Settings]]>
              </value>
            </param>
            <param index="1">
              <value>
                <![CDATA[No]]>
              </value>
            </param>
          </params>
          <reporter-output>
          </reporter-output>
        </test-method> <!-- Execute_Configuration -->
        <test-method status="SKIP" signature="log_fail(org.testng.ITestResult)[pri:0, instance:com.factory.tests.Test_Cases@282ba1e]" name="log_fail" is-config="true" duration-ms="0" started-at="2017-04-20T23:13:43Z" finished-at="2017-04-20T23:13:43Z">
          <reporter-output>
          </reporter-output>
        </test-method> <!-- log_fail -->
        <test-method status="SKIP" signature="log_fail(org.testng.ITestResult)[pri:0, instance:com.factory.tests.Test_Cases@282ba1e]" name="log_fail" is-config="true" duration-ms="0" started-at="2017-04-20T23:13:43Z" finished-at="2017-04-20T23:13:43Z">
          <reporter-output>
          </reporter-output>
        </test-method> <!-- log_fail -->
        <test-method status="SKIP" signature="Execute_Configuration(java.lang.String, java.lang.String)[pri:0, instance:com.factory.tests.Test_Cases@282ba1e]" name="Execute_Configuration" duration-ms="0" started-at="2017-04-20T23:13:43Z" data-provider="data" finished-at="2017-04-20T23:13:43Z">
          <params>
            <param index="0">
              <value>
                <![CDATA[Apps]]>
              </value>
            </param>
            <param index="1">
              <value>
                <![CDATA[No]]>
              </value>
            </param>
          </params>
          <reporter-output>
          </reporter-output>
        </test-method> <!-- Execute_Configuration -->
        <test-method status="SKIP" signature="Execute_Configuration(java.lang.String, java.lang.String)[pri:0, instance:com.factory.tests.Test_Cases@282ba1e]" name="Execute_Configuration" duration-ms="0" started-at="2017-04-20T23:13:43Z" data-provider="data" finished-at="2017-04-20T23:13:43Z">
          <params>
            <param index="0">
              <value>
                <![CDATA[Flows]]>
              </value>
            </param>
            <param index="1">
              <value>
                <![CDATA[No]]>
              </value>
            </param>
          </params>
          <reporter-output>
          </reporter-output>
        </test-method> <!-- Execute_Configuration -->
        <test-method status="SKIP" signature="log_fail(org.testng.ITestResult)[pri:0, instance:com.factory.tests.Test_Cases@282ba1e]" name="log_fail" is-config="true" duration-ms="0" started-at="2017-04-20T23:13:43Z" finished-at="2017-04-20T23:13:43Z">
          <reporter-output>
          </reporter-output>
        </test-method> <!-- log_fail -->
        <test-method status="SKIP" signature="log_fail(org.testng.ITestResult)[pri:0, instance:com.factory.tests.Test_Cases@282ba1e]" name="log_fail" is-config="true" duration-ms="0" started-at="2017-04-20T23:13:43Z" finished-at="2017-04-20T23:13:43Z">
          <reporter-output>
          </reporter-output>
        </test-method> <!-- log_fail -->
        <test-method status="SKIP" signature="log_fail(org.testng.ITestResult)[pri:0, instance:com.factory.tests.Test_Cases@282ba1e]" name="log_fail" is-config="true" duration-ms="0" started-at="2017-04-20T23:13:43Z" finished-at="2017-04-20T23:13:43Z">
          <reporter-output>
          </reporter-output>
        </test-method> <!-- log_fail -->
        <test-method status="SKIP" signature="log_fail(org.testng.ITestResult)[pri:0, instance:com.factory.tests.Test_Cases@282ba1e]" name="log_fail" is-config="true" duration-ms="0" started-at="2017-04-20T23:13:43Z" finished-at="2017-04-20T23:13:43Z">
          <reporter-output>
          </reporter-output>
        </test-method> <!-- log_fail -->
        <test-method status="SKIP" signature="Execute_Configuration(java.lang.String, java.lang.String)[pri:0, instance:com.factory.tests.Test_Cases@282ba1e]" name="Execute_Configuration" duration-ms="0" started-at="2017-04-20T23:13:43Z" data-provider="data" finished-at="2017-04-20T23:13:43Z">
          <params>
            <param index="0">
              <value>
                <![CDATA[Organization_Wide_Email_Addresses]]>
              </value>
            </param>
            <param index="1">
              <value>
                <![CDATA[No]]>
              </value>
            </param>
          </params>
          <reporter-output>
          </reporter-output>
        </test-method> <!-- Execute_Configuration -->
        <test-method status="SKIP" signature="Execute_Configuration(java.lang.String, java.lang.String)[pri:0, instance:com.factory.tests.Test_Cases@282ba1e]" name="Execute_Configuration" duration-ms="0" started-at="2017-04-20T23:13:43Z" data-provider="data" finished-at="2017-04-20T23:13:43Z">
          <params>
            <param index="0">
              <value>
                <![CDATA[Process_Builder]]>
              </value>
            </param>
            <param index="1">
              <value>
                <![CDATA[No]]>
              </value>
            </param>
          </params>
          <reporter-output>
          </reporter-output>
        </test-method> <!-- Execute_Configuration -->
        <test-method status="SKIP" signature="log_fail(org.testng.ITestResult)[pri:0, instance:com.factory.tests.Test_Cases@282ba1e]" name="log_fail" is-config="true" duration-ms="0" started-at="2017-04-20T23:13:43Z" finished-at="2017-04-20T23:13:43Z">
          <reporter-output>
          </reporter-output>
        </test-method> <!-- log_fail -->
        <test-method status="SKIP" signature="log_fail(org.testng.ITestResult)[pri:0, instance:com.factory.tests.Test_Cases@282ba1e]" name="log_fail" is-config="true" duration-ms="0" started-at="2017-04-20T23:13:43Z" finished-at="2017-04-20T23:13:43Z">
          <reporter-output>
          </reporter-output>
        </test-method> <!-- log_fail -->
        <test-method status="SKIP" signature="Execute_Configuration(java.lang.String, java.lang.String)[pri:0, instance:com.factory.tests.Test_Cases@282ba1e]" name="Execute_Configuration" duration-ms="0" started-at="2017-04-20T23:13:43Z" data-provider="data" finished-at="2017-04-20T23:13:43Z">
          <params>
            <param index="0">
              <value>
                <![CDATA[Flows_RollBack]]>
              </value>
            </param>
            <param index="1">
              <value>
                <![CDATA[No]]>
              </value>
            </param>
          </params>
          <reporter-output>
          </reporter-output>
        </test-method> <!-- Execute_Configuration -->
        <test-method status="SKIP" signature="Execute_Configuration(java.lang.String, java.lang.String)[pri:0, instance:com.factory.tests.Test_Cases@282ba1e]" name="Execute_Configuration" duration-ms="0" started-at="2017-04-20T23:13:43Z" data-provider="data" finished-at="2017-04-20T23:13:43Z">
          <params>
            <param index="0">
              <value>
                <![CDATA[Author_Apex_RollBack]]>
              </value>
            </param>
            <param index="1">
              <value>
                <![CDATA[No]]>
              </value>
            </param>
          </params>
          <reporter-output>
          </reporter-output>
        </test-method> <!-- Execute_Configuration -->
        <test-method status="SKIP" signature="log_fail(org.testng.ITestResult)[pri:0, instance:com.factory.tests.Test_Cases@282ba1e]" name="log_fail" is-config="true" duration-ms="0" started-at="2017-04-20T23:13:43Z" finished-at="2017-04-20T23:13:43Z">
          <reporter-output>
          </reporter-output>
        </test-method> <!-- log_fail -->
        <test-method status="SKIP" signature="Execute_Configuration(java.lang.String, java.lang.String)[pri:0, instance:com.factory.tests.Test_Cases@282ba1e]" name="Execute_Configuration" duration-ms="0" started-at="2017-04-20T23:13:43Z" data-provider="data" finished-at="2017-04-20T23:13:43Z">
          <params>
            <param index="0">
              <value>
                <![CDATA[Apps_RollBack]]>
              </value>
            </param>
            <param index="1">
              <value>
                <![CDATA[No]]>
              </value>
            </param>
          </params>
          <reporter-output>
          </reporter-output>
        </test-method> <!-- Execute_Configuration -->
        <test-method status="SKIP" signature="log_fail(org.testng.ITestResult)[pri:0, instance:com.factory.tests.Test_Cases@282ba1e]" name="log_fail" is-config="true" duration-ms="0" started-at="2017-04-20T23:13:43Z" finished-at="2017-04-20T23:13:43Z">
          <reporter-output>
          </reporter-output>
        </test-method> <!-- log_fail -->
        <test-method status="FAIL" signature="quit()[pri:0, instance:com.factory.tests.Test_Cases@282ba1e]" name="quit" is-config="true" duration-ms="0" started-at="2017-04-20T23:13:43Z" finished-at="2017-04-20T23:13:43Z">
          <exception class="java.lang.NullPointerException">
            <full-stacktrace>
              <![CDATA[java.lang.NullPointerException
	at com.selenium.utils.SeleniumUtils.closeAllinstances(Unknown Source)
	at com.selenium.utils.Configurations.quit(Unknown Source)
	at sun.reflect.NativeMethodAccessorImpl.invoke0(Native Method)
	at sun.reflect.NativeMethodAccessorImpl.invoke(NativeMethodAccessorImpl.java:62)
	at sun.reflect.DelegatingMethodAccessorImpl.invoke(DelegatingMethodAccessorImpl.java:43)
	at java.lang.reflect.Method.invoke(Method.java:497)
	at org.testng.internal.MethodInvocationHelper.invokeMethod(MethodInvocationHelper.java:85)
	at org.testng.internal.Invoker.invokeConfigurationMethod(Invoker.java:510)
	at org.testng.internal.Invoker.invokeConfigurations(Invoker.java:211)
	at org.testng.internal.Invoker.invokeConfigurations(Invoker.java:138)
	at org.testng.TestRunner.afterRun(TestRunner.java:1023)
	at org.testng.TestRunner.run(TestRunner.java:628)
	at org.testng.SuiteRunner.runTest(SuiteRunner.java:359)
	at org.testng.SuiteRunner.access$000(SuiteRunner.java:39)
	at org.testng.SuiteRunner$SuiteWorker.run(SuiteRunner.java:393)
	at org.testng.internal.thread.ThreadUtil$2.call(ThreadUtil.java:64)
	at java.util.concurrent.FutureTask.run(FutureTask.java:266)
	at java.util.concurrent.ThreadPoolExecutor.runWorker(ThreadPoolExecutor.java:1142)
	at java.util.concurrent.ThreadPoolExecutor$Worker.run(ThreadPoolExecutor.java:617)
	at java.lang.Thread.run(Thread.java:745)
]]>
            </full-stacktrace>
          </exception> <!-- java.lang.NullPointerException -->
          <reporter-output>
          </reporter-output>
        </test-method> <!-- quit -->
        <test-method status="SKIP" signature="close_report()[pri:0, instance:com.factory.tests.Test_Cases@282ba1e]" name="close_report" is-config="true" duration-ms="0" started-at="2017-04-20T23:13:46Z" finished-at="2017-04-20T23:13:46Z">
          <reporter-output>
          </reporter-output>
        </test-method> <!-- close_report -->
      </class> <!-- com.factory.tests.Test_Cases -->
    </test> <!-- POC Test Execution 1 -->
  </suite> <!-- Suite -->
</testng-results>
